2021-06-15 09:01:32,034:DEBUG:db_model:Database 'StockMarket' connected successfully.
2021-06-15 09:01:32,822:INFO:__main__:Program started.
2021-06-15 09:01:32,823:DEBUG:config_reader:Searching for config file in '/Users/atcha/Github/Projeto-Final/config/config.json'.
2021-06-15 09:01:32,823:DEBUG:config_reader:Config file found.
2021-06-15 09:01:32,828:INFO:config_reader:Ticker, Inital Date, Final Date:
2021-06-15 09:01:32,828:INFO:config_reader:Ticker: 'BIDI3 '	Inital date: 01/01/2018		Final date: 15/06/2021
2021-06-15 09:01:32,828:INFO:config_reader:Ticker: 'MGLU3 '	Inital date: 01/01/2018		Final date: 15/06/2021
2021-06-15 09:01:32,836:DEBUG:db_model:Database 'StockMarket' connected successfully.
2021-06-15 09:01:32,849:DEBUG:db_model:Database 'StockMarket' connected successfully.
2021-06-15 09:06:17,656:DEBUG:db_model:Database 'StockMarket' connected successfully.
2021-06-15 09:06:18,371:INFO:__main__:Program started.
2021-06-15 09:06:18,372:DEBUG:config_reader:Searching for config file in '/Users/atcha/Github/Projeto-Final/config/config.json'.
2021-06-15 09:06:18,372:DEBUG:config_reader:Config file found.
2021-06-15 09:06:18,377:INFO:config_reader:Ticker, Inital Date, Final Date:
2021-06-15 09:06:18,377:INFO:config_reader:Ticker: 'BIDI3 '	Inital date: 01/01/2018		Final date: 15/06/2021
2021-06-15 09:06:18,378:INFO:config_reader:Ticker: 'MGLU3 '	Inital date: 01/01/2018		Final date: 15/06/2021
2021-06-15 09:06:18,386:DEBUG:db_model:Database 'StockMarket' connected successfully.
2021-06-15 09:06:18,400:DEBUG:db_model:Database 'StockMarket' connected successfully.
2021-06-15 09:06:47,154:DEBUG:db_model:Database 'StockMarket' connected successfully.
2021-06-15 09:06:47,819:INFO:__main__:Program started.
2021-06-15 09:06:47,820:DEBUG:config_reader:Searching for config file in '/Users/atcha/Github/Projeto-Final/config/config.json'.
2021-06-15 09:06:47,820:DEBUG:config_reader:Config file found.
2021-06-15 09:06:47,825:INFO:config_reader:Ticker, Inital Date, Final Date:
2021-06-15 09:06:47,825:INFO:config_reader:Ticker: 'BIDI3 '	Inital date: 01/01/2018		Final date: 15/06/2021
2021-06-15 09:06:47,825:INFO:config_reader:Ticker: 'MGLU3 '	Inital date: 01/01/2018		Final date: 15/06/2021
2021-06-15 09:06:47,835:DEBUG:db_model:Database 'StockMarket' connected successfully.
2021-06-15 09:06:47,846:DEBUG:db_model:Database 'StockMarket' connected successfully.
2021-06-15 09:09:44,354:DEBUG:db_model:Database 'StockMarket' connected successfully.
2021-06-15 09:09:44,485:INFO:strategy_analyzer:Dash is running on http://127.0.0.1:8050/

2021-06-15 09:10:26,465:DEBUG:db_model:Database 'StockMarket' connected successfully.
2021-06-15 09:10:27,247:INFO:__main__:Program started.
2021-06-15 09:10:27,247:DEBUG:config_reader:Searching for config file in '/Users/atcha/Github/Projeto-Final/config/config.json'.
2021-06-15 09:10:27,248:DEBUG:config_reader:Config file found.
2021-06-15 09:10:27,255:INFO:config_reader:Ticker, Inital Date, Final Date:
2021-06-15 09:10:27,256:INFO:config_reader:Ticker: 'BIDI3 '	Inital date: 01/01/2018		Final date: 15/06/2021
2021-06-15 09:10:27,256:INFO:config_reader:Ticker: 'MGLU3 '	Inital date: 01/01/2018		Final date: 15/06/2021
2021-06-15 09:10:27,265:DEBUG:db_model:Database 'StockMarket' connected successfully.
2021-06-15 09:10:27,278:DEBUG:db_model:Database 'StockMarket' connected successfully.
2021-06-15 09:11:57,410:DEBUG:db_model:Database 'StockMarket' connected successfully.
2021-06-15 09:11:58,117:INFO:__main__:Program started.
2021-06-15 09:11:58,117:DEBUG:config_reader:Searching for config file in '/Users/atcha/Github/Projeto-Final/config/config.json'.
2021-06-15 09:11:58,117:DEBUG:config_reader:Config file found.
2021-06-15 09:11:58,123:INFO:config_reader:Ticker, Inital Date, Final Date:
2021-06-15 09:11:58,124:INFO:config_reader:Ticker: 'BIDI3 '	Inital date: 01/01/2018		Final date: 15/06/2021
2021-06-15 09:11:58,124:INFO:config_reader:Ticker: 'MGLU3 '	Inital date: 01/01/2018		Final date: 15/06/2021
2021-06-15 09:11:58,138:DEBUG:db_model:Database 'StockMarket' connected successfully.
2021-06-15 09:11:58,153:DEBUG:db_model:Database 'StockMarket' connected successfully.
2021-06-15 09:12:34,483:DEBUG:db_model:Database 'StockMarket' connected successfully.
2021-06-15 09:12:34,606:INFO:strategy_analyzer:Dash is running on http://127.0.0.1:8050/

2021-06-15 09:22:53,173:DEBUG:db_model:Database 'StockMarket' connected successfully.
2021-06-15 09:24:04,217:INFO:__main__:Dash is running on http://127.0.0.1:8050/

2021-06-15 09:27:14,574:DEBUG:db_model:Database 'StockMarket' connected successfully.
2021-06-15 09:27:14,721:INFO:__main__:Dash is running on http://127.0.0.1:8050/

2021-06-15 09:30:59,791:DEBUG:db_model:Database 'StockMarket' connected successfully.
2021-06-15 09:31:00,005:INFO:__main__:Dash is running on http://127.0.0.1:8050/

2021-06-15 09:33:43,592:DEBUG:db_model:Database 'StockMarket' connected successfully.
2021-06-15 09:33:43,758:INFO:__main__:Dash is running on http://127.0.0.1:8050/

2021-06-15 09:34:42,297:DEBUG:db_model:Database 'StockMarket' connected successfully.
2021-06-15 09:34:42,517:INFO:__main__:Dash is running on http://127.0.0.1:8050/

2021-06-15 09:35:31,583:DEBUG:db_model:Database 'StockMarket' connected successfully.
2021-06-15 09:35:31,723:INFO:__main__:Dash is running on http://127.0.0.1:8050/

2021-06-15 09:35:47,953:DEBUG:db_model:Database 'StockMarket' connected successfully.
2021-06-15 09:35:48,081:INFO:__main__:Dash is running on http://127.0.0.1:8050/

2021-06-15 09:36:09,030:DEBUG:db_model:Database 'StockMarket' connected successfully.
2021-06-15 09:36:09,409:INFO:__main__:Dash is running on http://127.0.0.1:8050/

